This file contains any messages produced by compilers while
running configure, to aid debugging if configure makes a mistake.

It was created by blip configure 2.1, which was
generated by GNU Autoconf 2.65.  Invocation command line was

  $ ./configure 

## --------- ##
## Platform. ##
## --------- ##

hostname = ubuntu
uname -m = i686
uname -r = 2.6.32-33-generic
uname -s = Linux
uname -v = #70-Ubuntu SMP Thu Jul 7 21:09:46 UTC 2011

/usr/bin/uname -p = unknown
/bin/uname -X     = unknown

/bin/arch              = unknown
/usr/bin/arch -k       = unknown
/usr/convex/getsysinfo = unknown
/usr/bin/hostinfo      = unknown
/bin/machine           = unknown
/usr/bin/oslevel       = unknown
/bin/universe          = unknown

PATH: /usr/local/sbin
PATH: /usr/local/bin
PATH: /usr/sbin
PATH: /usr/bin
PATH: /sbin
PATH: /bin
PATH: /usr/games


## ----------- ##
## Core tests. ##
## ----------- ##

configure:1792: checking for a BSD-compatible install
configure:1860: result: /usr/bin/install -c
configure:1871: checking whether build environment is sane
configure:1921: result: yes
configure:2062: checking for a thread-safe mkdir -p
configure:2101: result: /bin/mkdir -p
configure:2114: checking for gawk
configure:2130: found /usr/bin/gawk
configure:2141: result: gawk
configure:2152: checking whether make sets $(MAKE)
configure:2174: result: yes
configure:2297: checking for ranlib
configure:2313: found /usr/bin/ranlib
configure:2324: result: ranlib
configure:2394: checking for gcc
configure:2410: found /usr/bin/gcc
configure:2421: result: gcc
configure:2650: checking for C compiler version
configure:2659: gcc --version >&5
gcc (Ubuntu 4.4.3-4ubuntu5) 4.4.3
Copyright (C) 2009 Free Software Foundation, Inc.
This is free software; see the source for copying conditions.  There is NO
warranty; not even for MERCHANTABILITY or FITNESS FOR A PARTICULAR PURPOSE.

configure:2670: $? = 0
configure:2659: gcc -v >&5
Using built-in specs.
Target: i486-linux-gnu
Configured with: ../src/configure -v --with-pkgversion='Ubuntu 4.4.3-4ubuntu5' --with-bugurl=file:///usr/share/doc/gcc-4.4/README.Bugs --enable-languages=c,c++,fortran,objc,obj-c++ --prefix=/usr --enable-shared --enable-multiarch --enable-linker-build-id --with-system-zlib --libexecdir=/usr/lib --without-included-gettext --enable-threads=posix --with-gxx-include-dir=/usr/include/c++/4.4 --program-suffix=-4.4 --enable-nls --enable-clocale=gnu --enable-libstdcxx-debug --enable-plugin --enable-objc-gc --enable-targets=all --disable-werror --with-arch-32=i486 --with-tune=generic --enable-checking=release --build=i486-linux-gnu --host=i486-linux-gnu --target=i486-linux-gnu
Thread model: posix
gcc version 4.4.3 (Ubuntu 4.4.3-4ubuntu5) 
configure:2670: $? = 0
configure:2659: gcc -V >&5
gcc: '-V' option must have argument
configure:2670: $? = 1
configure:2659: gcc -qversion >&5
gcc: unrecognized option '-qversion'
gcc: no input files
configure:2670: $? = 1
configure:2690: checking whether the C compiler works
configure:2712: gcc    conftest.c  >&5
configure:2716: $? = 0
configure:2765: result: yes
configure:2768: checking for C compiler default output file name
configure:2770: result: a.out
configure:2776: checking for suffix of executables
configure:2783: gcc -o conftest    conftest.c  >&5
configure:2787: $? = 0
configure:2809: result: 
configure:2831: checking whether we are cross compiling
configure:2839: gcc -o conftest    conftest.c  >&5
configure:2843: $? = 0
configure:2850: ./conftest
configure:2854: $? = 0
configure:2869: result: no
configure:2874: checking for suffix of object files
configure:2896: gcc -c   conftest.c >&5
configure:2900: $? = 0
configure:2921: result: o
configure:2925: checking whether we are using the GNU C compiler
configure:2944: gcc -c   conftest.c >&5
configure:2944: $? = 0
configure:2953: result: yes
configure:2962: checking whether gcc accepts -g
configure:2982: gcc -c -g  conftest.c >&5
configure:2982: $? = 0
configure:3023: result: yes
configure:3040: checking for gcc option to accept ISO C89
configure:3104: gcc  -c -g -O2  conftest.c >&5
configure:3104: $? = 0
configure:3117: result: none needed
configure:3148: checking for style of include used by make
configure:3176: result: GNU
configure:3201: checking dependency style of gcc
configure:3311: result: gcc3
configure:3464: creating ./config.status

## ---------------------- ##
## Running config.status. ##
## ---------------------- ##

This file was extended by blip config.status 2.1, which was
generated by GNU Autoconf 2.65.  Invocation command line was

  CONFIG_FILES    = 
  CONFIG_HEADERS  = 
  CONFIG_LINKS    = 
  CONFIG_COMMANDS = 
  $ ./config.status 

on ubuntu

config.status:841: creating Makefile
config.status:841: creating lib6lowpan/Makefile
config.status:841: creating driver/Makefile
config.status:841: creating config.h
config.status:1061: executing depfiles commands
configure:4844: === configuring in driver/radvd-1.0 (/opt/tinyos-2.1.1/support/sdk/c/blip/driver/radvd-1.0)
configure:4907: running /bin/bash ./configure --disable-option-checking '--prefix=/usr/local'  --cache-file=/dev/null --srcdir=.

## ---------------- ##
## Cache variables. ##
## ---------------- ##

ac_cv_c_compiler_gnu=yes
ac_cv_env_CC_set=
ac_cv_env_CC_value=
ac_cv_env_CFLAGS_set=
ac_cv_env_CFLAGS_value=
ac_cv_env_CPPFLAGS_set=
ac_cv_env_CPPFLAGS_value=
ac_cv_env_LDFLAGS_set=
ac_cv_env_LDFLAGS_value=
ac_cv_env_LIBS_set=
ac_cv_env_LIBS_value=
ac_cv_env_build_alias_set=
ac_cv_env_build_alias_value=
ac_cv_env_host_alias_set=
ac_cv_env_host_alias_value=
ac_cv_env_target_alias_set=
ac_cv_env_target_alias_value=
ac_cv_objext=o
ac_cv_path_install='/usr/bin/install -c'
ac_cv_path_mkdir=/bin/mkdir
ac_cv_prog_AWK=gawk
ac_cv_prog_ac_ct_CC=gcc
ac_cv_prog_ac_ct_RANLIB=ranlib
ac_cv_prog_cc_c89=
ac_cv_prog_cc_g=yes
ac_cv_prog_make_make_set=yes
am_cv_CC_dependencies_compiler_type=gcc3

## ----------------- ##
## Output variables. ##
## ----------------- ##

ACLOCAL='${SHELL} /opt/tinyos-2.1.1/support/sdk/c/blip/missing --run aclocal-1.11'
AMDEPBACKSLASH='\'
AMDEP_FALSE='#'
AMDEP_TRUE=''
AMTAR='${SHELL} /opt/tinyos-2.1.1/support/sdk/c/blip/missing --run tar'
AUTOCONF='${SHELL} /opt/tinyos-2.1.1/support/sdk/c/blip/missing --run autoconf'
AUTOHEADER='${SHELL} /opt/tinyos-2.1.1/support/sdk/c/blip/missing --run autoheader'
AUTOMAKE='${SHELL} /opt/tinyos-2.1.1/support/sdk/c/blip/missing --run automake-1.11'
AWK='gawk'
CC='gcc'
CCDEPMODE='depmode=gcc3'
CFLAGS='-g -O2'
CPPFLAGS=''
CYGPATH_W='echo'
DEFS='-DHAVE_CONFIG_H'
DEPDIR='.deps'
ECHO_C=''
ECHO_N='-n'
ECHO_T=''
EXEEXT=''
INSTALL_DATA='${INSTALL} -m 644'
INSTALL_PROGRAM='${INSTALL}'
INSTALL_SCRIPT='${INSTALL}'
INSTALL_STRIP_PROGRAM='$(install_sh) -c -s'
LDFLAGS=''
LIBOBJS=''
LIBS=''
LTLIBOBJS=''
MAKEINFO='${SHELL} /opt/tinyos-2.1.1/support/sdk/c/blip/missing --run makeinfo'
MKDIR_P='/bin/mkdir -p'
OBJEXT='o'
PACKAGE='blip'
PACKAGE_BUGREPORT='stevedh@eecs.berkeley.edu'
PACKAGE_NAME='blip'
PACKAGE_STRING='blip 2.1'
PACKAGE_TARNAME='blip'
PACKAGE_URL=''
PACKAGE_VERSION='2.1'
PATH_SEPARATOR=':'
RANLIB='ranlib'
SET_MAKE=''
SHELL='/bin/bash'
STRIP=''
VERSION='2.1'
ac_ct_CC='gcc'
am__EXEEXT_FALSE=''
am__EXEEXT_TRUE='#'
am__fastdepCC_FALSE='#'
am__fastdepCC_TRUE=''
am__include='include'
am__isrc=''
am__leading_dot='.'
am__quote=''
am__tar='${AMTAR} chof - "$$tardir"'
am__untar='${AMTAR} xf -'
bindir='${exec_prefix}/bin'
build_alias=''
datadir='${datarootdir}'
datarootdir='${prefix}/share'
docdir='${datarootdir}/doc/${PACKAGE_TARNAME}'
dvidir='${docdir}'
exec_prefix='${prefix}'
host_alias=''
htmldir='${docdir}'
includedir='${prefix}/include'
infodir='${datarootdir}/info'
install_sh='${SHELL} /opt/tinyos-2.1.1/support/sdk/c/blip/install-sh'
libdir='${exec_prefix}/lib'
libexecdir='${exec_prefix}/libexec'
localedir='${datarootdir}/locale'
localstatedir='${prefix}/var'
mandir='${datarootdir}/man'
mkdir_p='/bin/mkdir -p'
oldincludedir='/usr/include'
pdfdir='${docdir}'
prefix='/usr/local'
program_transform_name='s,x,x,'
psdir='${docdir}'
sbindir='${exec_prefix}/sbin'
sharedstatedir='${prefix}/com'
subdirs=' driver/radvd-1.0'
sysconfdir='${prefix}/etc'
target_alias=''

## ----------- ##
## confdefs.h. ##
## ----------- ##

/* confdefs.h */
#define PACKAGE_NAME "blip"
#define PACKAGE_TARNAME "blip"
#define PACKAGE_VERSION "2.1"
#define PACKAGE_STRING "blip 2.1"
#define PACKAGE_BUGREPORT "stevedh@eecs.berkeley.edu"
#define PACKAGE_URL ""
#define PACKAGE "blip"
#define VERSION "2.1"

configure: exit 0
